<?xml version="1.0" encoding="UTF-8"?>
<testng-results skipped="0" failed="0" total="2" passed="2">
  <reporter-output>
  </reporter-output>
  <suite name="Suite" duration-ms="17786" started-at="2018-05-05T06:55:45Z" finished-at="2018-05-05T06:56:03Z">
    <groups>
    </groups>
    <test name="Test" duration-ms="17786" started-at="2018-05-05T06:55:45Z" finished-at="2018-05-05T06:56:03Z">
      <class name="siripackage.Siri">
        <test-method status="PASS" signature="m()[pri:0, instance:siripackage.Siri@23223dd8]" name="m" duration-ms="12834" started-at="2018-05-05T12:25:45Z" finished-at="2018-05-05T12:25:58Z">
          <reporter-output>
          </reporter-output>
        </test-method> <!-- m -->
        <test-method status="PASS" signature="s()[pri:0, instance:siripackage.Siri@23223dd8]" name="s" duration-ms="4931" started-at="2018-05-05T12:25:58Z" finished-at="2018-05-05T12:26:03Z">
          <reporter-output>
          </reporter-output>
        </test-method> <!-- s -->
      </class> <!-- siripackage.Siri -->
    </test> <!-- Test -->
  </suite> <!-- Suite -->
</testng-results>
